# JRE version: OpenJDK Runtime Environment Temurin-17.0.4.1+1 (17.0.4.1+1) (build 17.0.4.1+1)
# Java VM: OpenJDK 64-Bit Server VM Temurin-17.0.4.1+1 (17.0.4.1+1, mixed mode, tiered, compressed oops, compressed class ptrs, g1 gc, windows-amd64)
GC Precious Log:
 CPUs: 4 total, 4 available
 Memory: 16264M
 Large Page Support: Disabled
 NUMA Support: Disabled
 Compressed Oops: Enabled (Zero based)
 Heap Region Size: 2M
 Heap Min Capacity: 8M
 Heap Initial Capacity: 256M
 Heap Max Capacity: 4068M
 Pre-touch: Disabled
 Parallel Workers: 4
 Concurrent Workers: 1
 Concurrent Refinement Workers: 4
 Periodic GC: Disabled
Heap:
 garbage-first heap   total 180224K, used 79805K [0x0000000701c00000, 0x0000000800000000)
  region size 2048K, 20 young (40960K), 3 survivors (6144K)
 Metaspace       used 37862K, committed 38144K, reserved 1089536K
  class space    used 4029K, committed 4160K, reserved 1048576K
GC Heap History (20 events):
Event: 1.069 GC heap before
{Heap before GC invocations=0 (full 0):
 garbage-first heap   total 262144K, used 14336K [0x0000000701c00000, 0x0000000800000000)
  region size 2048K, 6 young (12288K), 0 survivors (0K)
 Metaspace       used 9434K, committed 9600K, reserved 1064960K
  class space    used 849K, committed 896K, reserved 1048576K
}
Event: 1.075 GC heap after
{Heap after GC invocations=1 (full 0):
 garbage-first heap   total 262144K, used 9707K [0x0000000701c00000, 0x0000000800000000)
  region size 2048K, 1 young (2048K), 1 survivors (2048K)
 Metaspace       used 9434K, committed 9600K, reserved 1064960K
  class space    used 849K, committed 896K, reserved 1048576K
}
Event: 1.508 GC heap before
{Heap before GC invocations=1 (full 0):
 garbage-first heap   total 262144K, used 19947K [0x0000000701c00000, 0x0000000800000000)
  region size 2048K, 6 young (12288K), 1 survivors (2048K)
 Metaspace       used 12412K, committed 12544K, reserved 1064960K
  class space    used 1130K, committed 1216K, reserved 1048576K
}
Event: 1.512 GC heap after
{Heap after GC invocations=2 (full 0):
 garbage-first heap   total 262144K, used 10509K [0x0000000701c00000, 0x0000000800000000)
  region size 2048K, 1 young (2048K), 1 survivors (2048K)
 Metaspace       used 12412K, committed 12544K, reserved 1064960K
  class space    used 1130K, committed 1216K, reserved 1048576K
}
Event: 2.342 GC heap before
{Heap before GC invocations=2 (full 0):
 garbage-first heap   total 262144K, used 33037K [0x0000000701c00000, 0x0000000800000000)
  region size 2048K, 13 young (26624K), 1 survivors (2048K)
 Metaspace       used 15839K, committed 16000K, reserved 1064960K
  class space    used 1456K, committed 1536K, reserved 1048576K
}
Event: 2.351 GC heap after
{Heap after GC invocations=3 (full 0):
 garbage-first heap   total 262144K, used 14736K [0x0000000701c00000, 0x0000000800000000)
  region size 2048K, 2 young (4096K), 2 survivors (4096K)
 Metaspace       used 15839K, committed 16000K, reserved 1064960K
  class space    used 1456K, committed 1536K, reserved 1048576K
}
Event: 3.560 GC heap before
{Heap before GC invocations=3 (full 0):
 garbage-first heap   total 262144K, used 61840K [0x0000000701c00000, 0x0000000800000000)
  region size 2048K, 25 young (51200K), 2 survivors (4096K)
 Metaspace       used 19449K, committed 19648K, reserved 1073152K
  class space    used 1750K, committed 1856K, reserved 1048576K
}
Event: 3.577 GC heap after
{Heap after GC invocations=4 (full 0):
 garbage-first heap   total 262144K, used 23340K [0x0000000701c00000, 0x0000000800000000)
  region size 2048K, 4 young (8192K), 4 survivors (8192K)
 Metaspace       used 19449K, committed 19648K, reserved 1073152K
  class space    used 1750K, committed 1856K, reserved 1048576K
}
Event: 4.186 GC heap before
{Heap before GC invocations=4 (full 0):
 garbage-first heap   total 262144K, used 60204K [0x0000000701c00000, 0x0000000800000000)
  region size 2048K, 23 young (47104K), 4 survivors (8192K)
 Metaspace       used 21355K, committed 21504K, reserved 1073152K
  class space    used 1952K, committed 2048K, reserved 1048576K
}
Event: 4.202 GC heap after
{Heap after GC invocations=5 (full 0):
 garbage-first heap   total 262144K, used 26673K [0x0000000701c00000, 0x0000000800000000)
  region size 2048K, 2 young (4096K), 2 survivors (4096K)
 Metaspace       used 21355K, committed 21504K, reserved 1073152K
  class space    used 1952K, committed 2048K, reserved 1048576K
}
Event: 5.090 GC heap before
{Heap before GC invocations=6 (full 0):
 garbage-first heap   total 102400K, used 77873K [0x0000000701c00000, 0x0000000800000000)
  region size 2048K, 28 young (57344K), 2 survivors (4096K)
 Metaspace       used 23061K, committed 23232K, reserved 1073152K
  class space    used 2161K, committed 2240K, reserved 1048576K
}
Event: 5.102 GC heap after
{Heap after GC invocations=7 (full 0):
 garbage-first heap   total 102400K, used 31776K [0x0000000701c00000, 0x0000000800000000)
  region size 2048K, 4 young (8192K), 4 survivors (8192K)
 Metaspace       used 23061K, committed 23232K, reserved 1073152K
  class space    used 2161K, committed 2240K, reserved 1048576K
}
Event: 5.144 GC heap before
{Heap before GC invocations=7 (full 0):
 garbage-first heap   total 102400K, used 33824K [0x0000000701c00000, 0x0000000800000000)
  region size 2048K, 5 young (10240K), 4 survivors (8192K)
 Metaspace       used 23145K, committed 23296K, reserved 1073152K
  class space    used 2169K, committed 2240K, reserved 1048576K
}
Event: 5.157 GC heap after
{Heap after GC invocations=8 (full 0):
 garbage-first heap   total 102400K, used 32452K [0x0000000701c00000, 0x0000000800000000)
  region size 2048K, 1 young (2048K), 1 survivors (2048K)
 Metaspace       used 23145K, committed 23296K, reserved 1073152K
  class space    used 2169K, committed 2240K, reserved 1048576K
}
Event: 6.341 GC heap before
{Heap before GC invocations=8 (full 0):
 garbage-first heap   total 102400K, used 69316K [0x0000000701c00000, 0x0000000800000000)
  region size 2048K, 19 young (38912K), 1 survivors (2048K)
 Metaspace       used 25458K, committed 25536K, reserved 1073152K
  class space    used 2461K, committed 2496K, reserved 1048576K
}
Event: 6.348 GC heap after
{Heap after GC invocations=9 (full 0):
 garbage-first heap   total 180224K, used 34655K [0x0000000701c00000, 0x0000000800000000)
  region size 2048K, 2 young (4096K), 2 survivors (4096K)
 Metaspace       used 25458K, committed 25536K, reserved 1073152K
  class space    used 2461K, committed 2496K, reserved 1048576K
}
Event: 8.446 GC heap before
{Heap before GC invocations=9 (full 0):
 garbage-first heap   total 180224K, used 126815K [0x0000000701c00000, 0x0000000800000000)
  region size 2048K, 47 young (96256K), 2 survivors (4096K)
 Metaspace       used 32649K, committed 32896K, reserved 1081344K
  class space    used 3341K, committed 3456K, reserved 1048576K
}
Event: 8.460 GC heap after
{Heap after GC invocations=10 (full 0):
 garbage-first heap   total 180224K, used 43707K [0x0000000701c00000, 0x0000000800000000)
  region size 2048K, 6 young (12288K), 6 survivors (12288K)
 Metaspace       used 32649K, committed 32896K, reserved 1081344K
  class space    used 3341K, committed 3456K, reserved 1048576K
}
Event: 11.966 GC heap before
{Heap before GC invocations=10 (full 0):
 garbage-first heap   total 180224K, used 94907K [0x0000000701c00000, 0x0000000800000000)
  region size 2048K, 32 young (65536K), 6 survivors (12288K)
 Metaspace       used 35781K, committed 35968K, reserved 1081344K
  class space    used 3790K, committed 3904K, reserved 1048576K
}
Event: 11.985 GC heap after
{Heap after GC invocations=11 (full 0):
 garbage-first heap   total 180224K, used 49085K [0x0000000701c00000, 0x0000000800000000)
  region size 2048K, 3 young (6144K), 3 survivors (6144K)
 Metaspace       used 35781K, committed 35968K, reserved 1081344K
  class space    used 3790K, committed 3904K, reserved 1048576K
}

