<?xml version="1.0" encoding="UTF-8"?>
<!-- Generated by org.testng.reporters.JUnitXMLReporter -->
<testsuite hostname="IB-Pune-LAP-163" ignored="0" name="Default test" tests="3" failures="0" timestamp="2023-05-22T15:41:05 IST" time="12.27" errors="0">
  <testcase name="createPurchaseOrder" time="2.961" classname="Test_Layer.PucrhaseTest"/>
  <testcase name="verifyProductIsAddedToCart" time="0.494" classname="Test_Layer.PucrhaseTest"/>
  <testcase name="confirmShipping" time="0.938" classname="Test_Layer.PucrhaseTest"/>
</testsuite> <!-- Default test -->
