<?xml version="1.0" encoding="UTF-8"?>
<!-- Generated by org.testng.reporters.JUnitXMLReporter -->
<testsuite hostname="IB-Pune-LAP-163" ignored="0" name="CrossBrowserTesting" tests="3" failures="0" timestamp="2023-05-22T17:46:53 IST" time="21.68" errors="0">
  <testcase name="CromeOPs" time="14.953" classname="selenium_Practice.parallelTests"/>
  <testcase name="Edgeops" time="16.195" classname="selenium_Practice.parallelTests"/>
  <testcase name="firefox" time="21.557" classname="selenium_Practice.parallelTests"/>
</testsuite> <!-- CrossBrowserTesting -->
