<?xml version="1.0" encoding="UTF-8"?>
<!-- Generated by org.testng.reporters.JUnitXMLReporter -->
<testsuite ignored="0" hostname="IB-Pune-LAP-163" failures="0" tests="3" name="CrossBrowserTesting" time="21.505" errors="0" timestamp="2023-04-26T12:39:51 IST">
  <testcase classname="selenium_Practice.parallelTests" name="CromeOPs" time="4.303"/>
  <testcase classname="selenium_Practice.parallelTests" name="Edgeops" time="8.156"/>
  <testcase classname="selenium_Practice.parallelTests" name="firefox" time="8.987"/>
</testsuite> <!-- CrossBrowserTesting -->
