<?xml version="1.0" encoding="UTF-8"?>
<!-- Generated by org.testng.reporters.JUnitXMLReporter -->
<testsuite hostname="IB-Pune-LAP-163" ignored="0" name="Purchase Test" tests="3" failures="0" timestamp="2023-05-23T10:55:49 IST" time="13.797" errors="0">
  <testcase name="TC001" time="2.276" classname="Test_Layer.PucrhaseTest"/>
  <testcase name="TC002" time="0.528" classname="Test_Layer.PucrhaseTest"/>
  <testcase name="TC003" time="1.087" classname="Test_Layer.PucrhaseTest"/>
</testsuite> <!-- Purchase Test -->
