<?xml version="1.0" encoding="UTF-8"?>
<!-- Generated by org.testng.reporters.JUnitXMLReporter -->
<testsuite hostname="IB-Pune-LAP-163" ignored="0" name="Purchase Test" tests="3" failures="0" timestamp="2023-05-22T15:24:14 IST" time="12.848" errors="0">
  <testcase name="createPurchaseOrder" time="2.495" classname="Test_Layer.PucrhaseTest"/>
  <testcase name="verifyProductIsAddedToCart" time="0.724" classname="Test_Layer.PucrhaseTest"/>
  <testcase name="confirmShipping" time="0.761" classname="Test_Layer.PucrhaseTest"/>
</testsuite> <!-- Purchase Test -->
