<?xml version="1.0" encoding="UTF-8"?>
<!-- Generated by org.testng.reporters.JUnitXMLReporter -->
<testsuite ignored="2" hostname="IB-Pune-LAP-163" failures="1" tests="6" name="Test" time="62.414" errors="0" timestamp="2023-05-12T12:46:49 IST">
  <testcase classname="Test_Layer.homepagetest" name="VerifyUrl" time="2.003"/>
  <testcase classname="Test_Layer.homepagetest" name="verifyHomepage" time="1.937"/>
  <testcase classname="Test_Layer.homepagetest" name="verifytitle" time="0.011">
    <failure type="java.lang.AssertionError" message="expected [OrangeHRM@] but found [OrangeHRM]">
      <![CDATA[java.lang.AssertionError: expected [OrangeHRM@] but found [OrangeHRM]
at Test_Layer.homepagetest.verifytitle(homepagetest.java:41)
at java.base/java.util.ArrayList.forEach(ArrayList.java:1511)
... Removed 33 stack frames]]>
    </failure>
  </testcase> <!-- verifytitle -->
  <testcase classname="Test_Layer.logintest" name="loginFunctionality" time="8.12"/>
  <testcase classname="Test_Layer.adminpagetest" name="userinfo" time="5.135"/>
  <testcase classname="Test_Layer.Ohm_directoryTest" name="directory" time="2.652"/>
  <testcase classname="Base_Layer.baseClass" name="@AfterTest tearDown" time="0.0">
    <ignored/>
  </testcase> <!-- @AfterTest tearDown -->
  <testcase classname="Base_Layer.baseClass" name="@AfterTest tearDown" time="0.0">
    <ignored/>
  </testcase> <!-- @AfterTest tearDown -->
</testsuite> <!-- Test -->
