<?xml version="1.0" encoding="UTF-8"?>
<!-- Generated by org.testng.reporters.JUnitXMLReporter -->
<testsuite ignored="2" hostname="IB-Pune-LAP-163" failures="0" tests="6" name="Test" time="65.941" errors="0" timestamp="2023-05-12T11:28:41 IST">
  <testcase classname="Test_Layer.homepagetest" name="URl" time="3.653"/>
  <testcase classname="Test_Layer.homepagetest" name="verifyHomepage" time="0.539"/>
  <testcase classname="Test_Layer.homepagetest" name="verifytitle" time="1.584"/>
  <testcase classname="Test_Layer.logintest" name="loginFunctionality" time="10.822"/>
  <testcase classname="Test_Layer.adminpagetest" name="userinfo" time="4.859"/>
  <testcase classname="Test_Layer.Ohm_directoryTest" name="directory" time="2.491"/>
  <testcase classname="Base_Layer.baseClass" name="@AfterTest tearDown" time="0.0">
    <ignored/>
  </testcase> <!-- @AfterTest tearDown -->
  <testcase classname="Base_Layer.baseClass" name="@AfterTest tearDown" time="0.0">
    <ignored/>
  </testcase> <!-- @AfterTest tearDown -->
</testsuite> <!-- Test -->
