<?xml version="1.0" encoding="UTF-8"?>
<!-- Generated by org.testng.reporters.JUnitXMLReporter -->
<testsuite hostname="IB-Pune-LAP-163" ignored="2" name="Run the Test using include method" tests="2" failures="0" timestamp="2023-05-23T12:11:31 IST" time="31.338" errors="0">
  <testcase name="verifytitle" time="0.261" classname="Test_Layer.homepagetest"/>
  <testcase name="loginFunctionality" time="12.743" classname="Test_Layer.logintest"/>
  <testcase name="VerifyUrl" time="0.0" classname="Test_Layer.homepagetest">
    <ignored/>
  </testcase> <!-- VerifyUrl -->
  <testcase name="verifyHomepage" time="0.0" classname="Test_Layer.homepagetest">
    <ignored/>
  </testcase> <!-- verifyHomepage -->
</testsuite> <!-- Run the Test using include method -->
