<?xml version="1.0" encoding="UTF-8"?>
<!-- Generated by org.testng.reporters.JUnitXMLReporter -->
<testsuite ignored="2" hostname="IB-Pune-LAP-163" failures="0" tests="1" name="Run the Test using include methoddd" time="11.621" errors="0" timestamp="2023-05-25T09:53:47 IST">
  <testcase classname="Test_Layer.homepagetest" name="verifytitle" time="1.141"/>
  <testcase classname="Test_Layer.homepagetest" name="VerifyUrl" time="0.0">
    <ignored/>
  </testcase> <!-- VerifyUrl -->
  <testcase classname="Test_Layer.homepagetest" name="verifyHomepage" time="0.0">
    <ignored/>
  </testcase> <!-- verifyHomepage -->
</testsuite> <!-- Run the Test using include methoddd -->
