<?xml version="1.0" encoding="UTF-8"?>
<!-- Generated by org.testng.reporters.JUnitXMLReporter -->
<testsuite ignored="2" hostname="IB-Pune-LAP-163" failures="0" tests="2" name="Run the Test using include method" time="17.253" errors="0" timestamp="2023-05-23T12:56:22 IST">
  <testcase classname="Test_Layer.homepagetest" name="verifytitle" time="0.973"/>
  <testcase classname="Test_Layer.logintest" name="loginFunctionality" time="6.853"/>
  <testcase classname="Test_Layer.homepagetest" name="VerifyUrl" time="0.0">
    <ignored/>
  </testcase> <!-- VerifyUrl -->
  <testcase classname="Test_Layer.homepagetest" name="verifyHomepage" time="0.0">
    <ignored/>
  </testcase> <!-- verifyHomepage -->
</testsuite> <!-- Run the Test using include method -->
