<?xml version="1.0" encoding="UTF-8"?>
<!-- Generated by org.testng.reporters.JUnitXMLReporter -->
<testsuite hostname="IB-Pune-LAP-163" ignored="2" name="Run the homePage test" tests="1" failures="0" timestamp="2023-05-24T12:08:24 IST" time="11.68" errors="0">
  <testcase name="verifytitle" time="0.417" classname="Test_Layer.homepagetest"/>
  <testcase name="VerifyUrl" time="0.0" classname="Test_Layer.homepagetest">
    <ignored/>
  </testcase> <!-- VerifyUrl -->
  <testcase name="verifyHomepage" time="0.0" classname="Test_Layer.homepagetest">
    <ignored/>
  </testcase> <!-- verifyHomepage -->
</testsuite> <!-- Run the homePage test -->
