<?xml version="1.0" encoding="UTF-8"?>
<!-- Generated by org.testng.reporters.JUnitXMLReporter -->
<testsuite hostname="IB-Pune-LAP-163" ignored="3" name="Regression test" tests="9" failures="0" timestamp="2023-05-23T11:58:22 IST" time="70.526" errors="0">
  <testcase name="VerifyUrl" time="1.76" classname="Test_Layer.homepagetest"/>
  <testcase name="verifyHomepage" time="1.935" classname="Test_Layer.homepagetest"/>
  <testcase name="verifytitle" time="1.212" classname="Test_Layer.homepagetest"/>
  <testcase name="loginFunctionality" time="8.954" classname="Test_Layer.logintest"/>
  <testcase name="userinfo" time="4.89" classname="Test_Layer.adminpagetest"/>
  <testcase name="directory" time="2.716" classname="Test_Layer.Ohm_directoryTest"/>
  <testcase name="TC001" time="1.797" classname="Test_Layer.PucrhaseTest"/>
  <testcase name="TC002" time="0.319" classname="Test_Layer.PucrhaseTest"/>
  <testcase name="TC003" time="0.844" classname="Test_Layer.PucrhaseTest"/>
  <testcase name="@AfterTest tearDown" time="0.0" classname="Base_Layer.baseClass">
    <ignored/>
  </testcase> <!-- @AfterTest tearDown -->
  <testcase name="@AfterTest tearDown" time="0.0" classname="Base_Layer.baseClass">
    <ignored/>
  </testcase> <!-- @AfterTest tearDown -->
  <testcase name="@AfterTest tearDown" time="0.0" classname="Base_Layer.baseClass">
    <ignored/>
  </testcase> <!-- @AfterTest tearDown -->
</testsuite> <!-- Regression test -->
