<?xml version="1.0" encoding="UTF-8"?>
<!-- Generated by org.testng.reporters.JUnitXMLReporter -->
<testsuite ignored="3" hostname="IB-Pune-LAP-163" failures="0" tests="9" name="Regression test" time="60.816" errors="0" timestamp="2023-05-24T10:09:48 IST">
  <testcase classname="Test_Layer.homepagetest" name="VerifyUrl" time="2.755"/>
  <testcase classname="Test_Layer.homepagetest" name="verifyHomepage" time="1.857"/>
  <testcase classname="Test_Layer.homepagetest" name="verifytitle" time="0.018"/>
  <testcase classname="Test_Layer.logintest" name="loginFunctionality" time="6.076"/>
  <testcase classname="Test_Layer.adminpagetest" name="userinfo" time="4.578"/>
  <testcase classname="Test_Layer.Ohm_directoryTest" name="directory" time="2.281"/>
  <testcase classname="Test_Layer.PucrhaseTest" name="TC001" time="1.72"/>
  <testcase classname="Test_Layer.PucrhaseTest" name="TC002" time="0.281"/>
  <testcase classname="Test_Layer.PucrhaseTest" name="TC003" time="0.847"/>
  <testcase classname="Base_Layer.baseClass" name="@AfterTest tearDown" time="0.0">
    <ignored/>
  </testcase> <!-- @AfterTest tearDown -->
  <testcase classname="Base_Layer.baseClass" name="@AfterTest tearDown" time="0.0">
    <ignored/>
  </testcase> <!-- @AfterTest tearDown -->
  <testcase classname="Base_Layer.baseClass" name="@AfterTest tearDown" time="0.0">
    <ignored/>
  </testcase> <!-- @AfterTest tearDown -->
</testsuite> <!-- Regression test -->
