<?xml version="1.0" encoding="UTF-8"?>
<testng-results skipped="0" failed="0" ignored="3" total="12" passed="9">
  <reporter-output>
  </reporter-output>
  <suite name="Regression Suite" duration-ms="70526" started-at="2023-05-23T11:57:11 IST" finished-at="2023-05-23T11:58:22 IST">
    <groups>
    </groups>
    <test name="Regression test" duration-ms="70526" started-at="2023-05-23T11:57:11 IST" finished-at="2023-05-23T11:58:22 IST">
      <class name="Test_Layer.Ohm_directoryTest">
        <test-method status="PASS" signature="basicIntialization()[pri:0, instance:Test_Layer.Ohm_directoryTest@4d192aef]" name="basicIntialization" is-config="true" duration-ms="7582" started-at="2023-05-23T11:58:03 IST" finished-at="2023-05-23T11:58:11 IST">
          <reporter-output>
          </reporter-output>
        </test-method> <!-- basicIntialization -->
        <test-method status="PASS" signature="directory()[pri:0, instance:Test_Layer.Ohm_directoryTest@4d192aef]" name="directory" duration-ms="2716" started-at="2023-05-23T11:58:11 IST" description="Enter directory tab and search the user" finished-at="2023-05-23T11:58:14 IST">
          <reporter-output>
          </reporter-output>
        </test-method> <!-- directory -->
        <test-method status="PASS" signature="teardown()[pri:0, instance:Test_Layer.Ohm_directoryTest@4d192aef]" name="teardown" is-config="true" duration-ms="888" started-at="2023-05-23T11:58:14 IST" finished-at="2023-05-23T11:58:15 IST">
          <reporter-output>
          </reporter-output>
        </test-method> <!-- teardown -->
      </class> <!-- Test_Layer.Ohm_directoryTest -->
      <class name="Test_Layer.logintest">
        <test-method status="PASS" signature="loginFunctionality()[pri:0, instance:Test_Layer.logintest@53a9fcfd]" name="loginFunctionality" duration-ms="8954" started-at="2023-05-23T11:57:41 IST" description="This is the login test " finished-at="2023-05-23T11:57:50 IST">
          <reporter-output>
          </reporter-output>
        </test-method> <!-- loginFunctionality -->
        <test-method status="PASS" signature="tearDown()[pri:0, instance:Test_Layer.logintest@53a9fcfd]" name="tearDown" is-config="true" duration-ms="1033" started-at="2023-05-23T11:58:21 IST" finished-at="2023-05-23T11:58:22 IST">
          <reporter-output>
          </reporter-output>
        </test-method> <!-- tearDown -->
      </class> <!-- Test_Layer.logintest -->
      <class name="Test_Layer.homepagetest">
        <test-method status="PASS" signature="setUp()[pri:0, instance:Test_Layer.homepagetest@63411512]" name="setUp" is-config="true" duration-ms="10645" started-at="2023-05-23T11:57:11 IST" finished-at="2023-05-23T11:57:22 IST">
          <reporter-output>
          </reporter-output>
        </test-method> <!-- setUp -->
        <test-method status="PASS" signature="VerifyUrl()[pri:0, instance:Test_Layer.homepagetest@63411512]" name="VerifyUrl" duration-ms="1760" started-at="2023-05-23T11:57:22 IST" finished-at="2023-05-23T11:57:24 IST">
          <reporter-output>
          </reporter-output>
        </test-method> <!-- VerifyUrl -->
        <test-method status="PASS" signature="tearDown()[pri:0, instance:Test_Layer.homepagetest@63411512]" name="tearDown" is-config="true" duration-ms="372" started-at="2023-05-23T11:57:24 IST" finished-at="2023-05-23T11:57:24 IST">
          <reporter-output>
          </reporter-output>
        </test-method> <!-- tearDown -->
        <test-method status="PASS" signature="setUp()[pri:0, instance:Test_Layer.homepagetest@63411512]" name="setUp" is-config="true" duration-ms="7202" started-at="2023-05-23T11:57:24 IST" finished-at="2023-05-23T11:57:32 IST">
          <reporter-output>
          </reporter-output>
        </test-method> <!-- setUp -->
        <test-method status="PASS" signature="verifyHomepage()[pri:1, instance:Test_Layer.homepagetest@63411512]" name="verifyHomepage" duration-ms="1935" started-at="2023-05-23T11:57:32 IST" finished-at="2023-05-23T11:57:34 IST">
          <reporter-output>
          </reporter-output>
        </test-method> <!-- verifyHomepage -->
        <test-method status="PASS" signature="tearDown()[pri:0, instance:Test_Layer.homepagetest@63411512]" name="tearDown" is-config="true" duration-ms="155" started-at="2023-05-23T11:57:34 IST" finished-at="2023-05-23T11:57:34 IST">
          <reporter-output>
          </reporter-output>
        </test-method> <!-- tearDown -->
        <test-method status="PASS" signature="setUp()[pri:0, instance:Test_Layer.homepagetest@63411512]" name="setUp" is-config="true" duration-ms="5719" started-at="2023-05-23T11:57:34 IST" finished-at="2023-05-23T11:57:39 IST">
          <reporter-output>
          </reporter-output>
        </test-method> <!-- setUp -->
        <test-method status="PASS" signature="verifytitle()[pri:2, instance:Test_Layer.homepagetest@63411512]" name="verifytitle" duration-ms="1212" started-at="2023-05-23T11:57:40 IST" description="Verify the orangeHrm title after login" finished-at="2023-05-23T11:57:41 IST">
          <reporter-output>
          </reporter-output>
        </test-method> <!-- verifytitle -->
        <test-method status="PASS" signature="tearDown()[pri:0, instance:Test_Layer.homepagetest@63411512]" name="tearDown" is-config="true" duration-ms="232" started-at="2023-05-23T11:57:41 IST" finished-at="2023-05-23T11:57:41 IST">
          <reporter-output>
          </reporter-output>
        </test-method> <!-- tearDown -->
      </class> <!-- Test_Layer.homepagetest -->
      <class name="Test_Layer.adminpagetest">
        <test-method status="PASS" signature="setup()[pri:0, instance:Test_Layer.adminpagetest@21f459fc]" name="setup" is-config="true" duration-ms="8359" started-at="2023-05-23T11:57:50 IST" finished-at="2023-05-23T11:57:58 IST">
          <reporter-output>
          </reporter-output>
        </test-method> <!-- setup -->
        <test-method status="PASS" signature="userinfo()[pri:0, instance:Test_Layer.adminpagetest@21f459fc]" name="userinfo" duration-ms="4890" started-at="2023-05-23T11:57:58 IST" finished-at="2023-05-23T11:58:03 IST">
          <reporter-output>
          </reporter-output>
        </test-method> <!-- userinfo -->
        <test-method status="PASS" signature="closeSession()[pri:0, instance:Test_Layer.adminpagetest@21f459fc]" name="closeSession" is-config="true" duration-ms="288" started-at="2023-05-23T11:58:03 IST" finished-at="2023-05-23T11:58:03 IST">
          <reporter-output>
          </reporter-output>
        </test-method> <!-- closeSession -->
      </class> <!-- Test_Layer.adminpagetest -->
      <class name="Test_Layer.PucrhaseTest">
        <test-method status="PASS" signature="initalize()[pri:0, instance:Test_Layer.PucrhaseTest@84487f4]" name="initalize" is-config="true" duration-ms="3093" started-at="2023-05-23T11:58:15 IST" finished-at="2023-05-23T11:58:18 IST">
          <reporter-output>
          </reporter-output>
        </test-method> <!-- initalize -->
        <test-method status="PASS" signature="TC001()[pri:0, instance:Test_Layer.PucrhaseTest@84487f4]" name="TC001" duration-ms="1797" started-at="2023-05-23T11:58:18 IST" description="Create purchase order" finished-at="2023-05-23T11:58:20 IST">
          <reporter-output>
          </reporter-output>
        </test-method> <!-- TC001 -->
        <test-method status="PASS" signature="TC002()[pri:1, instance:Test_Layer.PucrhaseTest@84487f4]" name="TC002" duration-ms="319" started-at="2023-05-23T11:58:20 IST" description="Verify Product Is Added To Cart" finished-at="2023-05-23T11:58:20 IST">
          <reporter-output>
          </reporter-output>
        </test-method> <!-- TC002 -->
        <test-method status="PASS" signature="TC003()[pri:2, instance:Test_Layer.PucrhaseTest@84487f4]" name="TC003" duration-ms="844" started-at="2023-05-23T11:58:20 IST" description="Confirm Shipping And Place Order" finished-at="2023-05-23T11:58:21 IST">
          <reporter-output>
          </reporter-output>
        </test-method> <!-- TC003 -->
      </class> <!-- Test_Layer.PucrhaseTest -->
    </test> <!-- Regression test -->
  </suite> <!-- Regression Suite -->
</testng-results>
