<?xml version="1.0" encoding="UTF-8"?>
<testng-results skipped="0" failed="0" ignored="2" total="4" passed="2">
  <reporter-output>
  </reporter-output>
  <suite name="Smoke Suite" duration-ms="31338" started-at="2023-05-23T12:10:59 IST" finished-at="2023-05-23T12:11:31 IST">
    <groups>
    </groups>
    <test name="Run the Test using include method" duration-ms="31338" started-at="2023-05-23T12:10:59 IST" finished-at="2023-05-23T12:11:31 IST">
      <class name="Test_Layer.homepagetest">
        <test-method status="PASS" signature="setUp()[pri:0, instance:Test_Layer.homepagetest@5496c165]" name="setUp" is-config="true" duration-ms="16910" started-at="2023-05-23T12:10:59 IST" finished-at="2023-05-23T12:11:16 IST">
          <reporter-output>
          </reporter-output>
        </test-method> <!-- setUp -->
        <test-method status="PASS" signature="verifytitle()[pri:2, instance:Test_Layer.homepagetest@5496c165]" name="verifytitle" duration-ms="261" started-at="2023-05-23T12:11:17 IST" description="Verify the orangeHrm title after login" finished-at="2023-05-23T12:11:17 IST">
          <reporter-output>
          </reporter-output>
        </test-method> <!-- verifytitle -->
        <test-method status="PASS" signature="tearDown()[pri:0, instance:Test_Layer.homepagetest@5496c165]" name="tearDown" is-config="true" duration-ms="461" started-at="2023-05-23T12:11:17 IST" finished-at="2023-05-23T12:11:18 IST">
          <reporter-output>
          </reporter-output>
        </test-method> <!-- tearDown -->
      </class> <!-- Test_Layer.homepagetest -->
      <class name="Test_Layer.logintest">
        <test-method status="PASS" signature="loginFunctionality()[pri:0, instance:Test_Layer.logintest@1744a475]" name="loginFunctionality" duration-ms="12743" started-at="2023-05-23T12:11:18 IST" description="This is the login test " finished-at="2023-05-23T12:11:31 IST">
          <reporter-output>
          </reporter-output>
        </test-method> <!-- loginFunctionality -->
        <test-method status="PASS" signature="tearDown()[pri:0, instance:Test_Layer.logintest@1744a475]" name="tearDown" is-config="true" duration-ms="180" started-at="2023-05-23T12:11:31 IST" finished-at="2023-05-23T12:11:31 IST">
          <reporter-output>
          </reporter-output>
        </test-method> <!-- tearDown -->
      </class> <!-- Test_Layer.logintest -->
    </test> <!-- Run the Test using include method -->
  </suite> <!-- Smoke Suite -->
</testng-results>
